Determining if the pthread_create exist failed with the following output:
Change Dir: /home/samia/libsnarktut/build/CMakeFiles/CMakeTmp

Run Build Command:"/usr/bin/make" "cmTC_30c45/fast"
/usr/bin/make -f CMakeFiles/cmTC_30c45.dir/build.make CMakeFiles/cmTC_30c45.dir/build
make[1]: Entering directory '/home/samia/libsnarktut/build/CMakeFiles/CMakeTmp'
Building C object CMakeFiles/cmTC_30c45.dir/CheckSymbolExists.c.o
/usr/bin/cc     -o CMakeFiles/cmTC_30c45.dir/CheckSymbolExists.c.o   -c /home/samia/libsnarktut/build/CMakeFiles/CMakeTmp/CheckSymbolExists.c
Linking C executable cmTC_30c45
/usr/bin/cmake -E cmake_link_script CMakeFiles/cmTC_30c45.dir/link.txt --verbose=1
/usr/bin/cc       CMakeFiles/cmTC_30c45.dir/CheckSymbolExists.c.o  -o cmTC_30c45 -rdynamic 
CMakeFiles/cmTC_30c45.dir/CheckSymbolExists.c.o: In function `main':
CheckSymbolExists.c:(.text+0x16): undefined reference to `pthread_create'
collect2: error: ld returned 1 exit status
CMakeFiles/cmTC_30c45.dir/build.make:97: recipe for target 'cmTC_30c45' failed
make[1]: *** [cmTC_30c45] Error 1
make[1]: Leaving directory '/home/samia/libsnarktut/build/CMakeFiles/CMakeTmp'
Makefile:126: recipe for target 'cmTC_30c45/fast' failed
make: *** [cmTC_30c45/fast] Error 2

File /home/samia/libsnarktut/build/CMakeFiles/CMakeTmp/CheckSymbolExists.c:
/* */
#include <pthread.h>

int main(int argc, char** argv)
{
  (void)argv;
#ifndef pthread_create
  return ((int*)(&pthread_create))[argc];
#else
  (void)argc;
  return 0;
#endif
}

